<?xml version="1.0" encoding="UTF-8"?>
<!-- Generated by org.testng.reporters.JUnitReportReporter -->
<testsuite hostname="ATMECSINDT-034" failures="0" tests="1" name="com.app.driverg.testscripts.RegisterUser" time="34.574" errors="0" timestamp="26 Jul 2019 10:02:02 GMT" skipped="0">
  <testcase classname="com.app.driverg.testscripts.RegisterUser" name="testRegister" time="34.574"/>
</testsuite> <!-- com.app.driverg.testscripts.RegisterUser -->
