<?xml version="1.0" encoding="UTF-8"?>
<!-- Generated by org.testng.reporters.JUnitReportReporter -->
<testsuite hostname="ATMECSINDT-034" failures="0" tests="1" name="com.app.driverg.testscripts.Sample" time="17.848" errors="0" timestamp="25 Jul 2019 11:46:40 GMT" skipped="0">
  <testcase classname="com.app.driverg.testscripts.Sample" name="test1" time="17.848"/>
</testsuite> <!-- com.app.driverg.testscripts.Sample -->
