<?xml version="1.0" encoding="UTF-8"?>
<!-- Generated by org.testng.reporters.JUnitReportReporter -->
<testsuite hostname="ATMECSINDT-034" failures="0" tests="1" name="Demo1_POST_Request" time="3.138" errors="0" timestamp="15 Jul 2019 06:43:27 GMT" skipped="0">
  <testcase classname="Demo1_POST_Request" name="RegistrationSuccessful" time="3.138"/>
</testsuite> <!-- Demo1_POST_Request -->
