<?xml version="1.0" encoding="UTF-8"?>
<!-- Generated by org.testng.reporters.JUnitReportReporter -->
<testsuite hostname="ATMECSINDT-034" failures="0" tests="1" name="Demo1_PUT_Request" time="3.146" errors="0" timestamp="15 Jul 2019 07:08:38 GMT" skipped="0">
  <testcase classname="Demo1_PUT_Request" name="UpdationSuccessful" time="3.146"/>
</testsuite> <!-- Demo1_PUT_Request -->
