<?xml version="1.0" encoding="UTF-8"?>
<!-- Generated by org.testng.reporters.JUnitReportReporter -->
<testsuite hostname="ATMECSINDT-034" failures="0" tests="1" name="Demo1_GET_Request" time="6.890" errors="0" timestamp="15 Jul 2019 04:56:06 GMT" skipped="0">
  <testcase classname="Demo1_GET_Request" name="getEmployeeDetails" time="6.890"/>
</testsuite> <!-- Demo1_GET_Request -->
