<?xml version="1.0" encoding="UTF-8"?>
<!-- Generated by org.testng.reporters.JUnitReportReporter -->
<testsuite hostname="ATMECSINDT-034" failures="0" tests="1" name="Demo1_DELETE_Request" time="2.865" errors="0" timestamp="15 Jul 2019 07:20:38 GMT" skipped="0">
  <testcase classname="Demo1_DELETE_Request" name="DeletionSuccessful" time="2.865"/>
</testsuite> <!-- Demo1_DELETE_Request -->
