<?xml version="1.0" encoding="UTF-8"?>
<!-- Generated by org.testng.reporters.JUnitReportReporter -->
<testsuite hostname="ATMECSINDT-034" failures="0" tests="1" name="com.atmecs.automation.AlertPopUpHandling" time="10.868" errors="0" timestamp="24 Jul 2019 07:49:58 GMT" skipped="0">
  <testcase classname="com.atmecs.automation.AlertPopUpHandling" name="Test2" time="10.868"/>
</testsuite> <!-- com.atmecs.automation.AlertPopUpHandling -->
