<?xml version="1.0" encoding="UTF-8"?>
<!-- Generated by org.testng.reporters.JUnitReportReporter -->
<testsuite hostname="ATMECSINDT-034" failures="0" tests="1" name="com.atmecs.testscripts.ClearancePageTest" time="1.796" errors="0" timestamp="31 Jul 2019 11:39:58 GMT" skipped="0">
  <testcase classname="com.atmecs.testscripts.ClearancePageTest" name="ClearancePageTest" time="1.796"/>
</testsuite> <!-- com.atmecs.testscripts.ClearancePageTest -->
