<?xml version="1.0" encoding="UTF-8"?>
<!-- Generated by org.testng.reporters.JUnitReportReporter -->
<testsuite hostname="ATMECSINDT-034" failures="0" tests="1" name="com.atmecs.testscripts.SortByName" time="2.804" errors="0" timestamp="02 Aug 2019 13:52:23 GMT" skipped="0">
  <testcase classname="com.atmecs.testscripts.SortByName" name="sort" time="2.804"/>
</testsuite> <!-- com.atmecs.testscripts.SortByName -->
