<?xml version="1.0" encoding="UTF-8"?>
<!-- Generated by org.testng.reporters.JUnitReportReporter -->
<testsuite hostname="ATMECSINDT-034" failures="0" tests="1" name="com.atmecs.testscripts.AddToCart" time="3.013" errors="0" timestamp="02 Aug 2019 13:50:10 GMT" skipped="0">
  <testcase classname="com.atmecs.testscripts.AddToCart" name="addToCart" time="3.013"/>
</testsuite> <!-- com.atmecs.testscripts.AddToCart -->
