<?xml version="1.0" encoding="UTF-8"?>
<!-- Generated by org.testng.reporters.JUnitReportReporter -->
<testsuite hostname="ATMECSINDT-034" failures="0" tests="1" name="com.atmecs.testscripts.SortByLink" time="1.286" errors="0" timestamp="02 Aug 2019 13:54:18 GMT" skipped="0">
  <testcase classname="com.atmecs.testscripts.SortByLink" name="linksort" time="1.286"/>
</testsuite> <!-- com.atmecs.testscripts.SortByLink -->
