<?xml version="1.0" encoding="UTF-8"?>
<!-- Generated by org.testng.reporters.JUnitReportReporter -->
<testsuite hostname="ATMECSINDT-034" failures="0" tests="1" name="com.atmecs.testscripts.CountProdTest" time="1.311" errors="0" timestamp="01 Aug 2019 14:41:24 GMT" skipped="0">
  <testcase classname="com.atmecs.testscripts.CountProdTest" name="CountProdTest" time="1.311"/>
</testsuite> <!-- com.atmecs.testscripts.CountProdTest -->
