<?xml version="1.0" encoding="UTF-8"?>
<!-- Generated by org.testng.reporters.JUnitReportReporter -->
<testsuite hostname="ATMECSINDT-034" failures="0" tests="1" name="com.atmecs.testscripts.SortingTest" time="2.531" errors="0" timestamp="02 Aug 2019 13:51:47 GMT" skipped="0">
  <testcase classname="com.atmecs.testscripts.SortingTest" name="sortData" time="2.531"/>
</testsuite> <!-- com.atmecs.testscripts.SortingTest -->
